[2m2019-10-25 14:32:18.352[0;39m [32m INFO[0;39m [35m2606[0;39m [2m---[0;39m [2m[           main][0;39m [36mc.o.treasure.web.WebApplicationKt       [0;39m [2m:[0;39m Starting WebApplicationKt on cabbage-mac.local with PID 2606 (/Users/cabbage/workspace/onepiece/treasure/treasure-web/target/classes started by cabbage in /Users/cabbage/workspace/onepiece/treasure)
[2m2019-10-25 14:32:18.417[0;39m [32m INFO[0;39m [35m2606[0;39m [2m---[0;39m [2m[           main][0;39m [36mc.o.treasure.web.WebApplicationKt       [0;39m [2m:[0;39m The following profiles are active: dev
[2m2019-10-25 14:32:20.301[0;39m [32m INFO[0;39m [35m2606[0;39m [2m---[0;39m [2m[           main][0;39m [36m.s.d.r.c.RepositoryConfigurationDelegate[0;39m [2m:[0;39m Multiple Spring Data modules found, entering strict repository configuration mode!
[2m2019-10-25 14:32:20.305[0;39m [32m INFO[0;39m [35m2606[0;39m [2m---[0;39m [2m[           main][0;39m [36m.s.d.r.c.RepositoryConfigurationDelegate[0;39m [2m:[0;39m Bootstrapping Spring Data repositories in DEFAULT mode.
[2m2019-10-25 14:32:20.363[0;39m [32m INFO[0;39m [35m2606[0;39m [2m---[0;39m [2m[           main][0;39m [36m.s.d.r.c.RepositoryConfigurationDelegate[0;39m [2m:[0;39m Finished Spring Data repository scanning in 32ms. Found 0 repository interfaces.
[2m2019-10-25 14:32:20.990[0;39m [32m INFO[0;39m [35m2606[0;39m [2m---[0;39m [2m[           main][0;39m [36mtrationDelegate$BeanPostProcessorChecker[0;39m [2m:[0;39m Bean 'org.springframework.security.config.annotation.configuration.ObjectPostProcessorConfiguration' of type [org.springframework.security.config.annotation.configuration.ObjectPostProcessorConfiguration$$EnhancerBySpringCGLIB$$862af176] is not eligible for getting processed by all BeanPostProcessors (for example: not eligible for auto-proxying)
[2m2019-10-25 14:32:21.003[0;39m [32m INFO[0;39m [35m2606[0;39m [2m---[0;39m [2m[           main][0;39m [36mtrationDelegate$BeanPostProcessorChecker[0;39m [2m:[0;39m Bean 'org.springframework.transaction.annotation.ProxyTransactionManagementConfiguration' of type [org.springframework.transaction.annotation.ProxyTransactionManagementConfiguration$$EnhancerBySpringCGLIB$$ed7d293c] is not eligible for getting processed by all BeanPostProcessors (for example: not eligible for auto-proxying)
[2m2019-10-25 14:32:21.041[0;39m [32m INFO[0;39m [35m2606[0;39m [2m---[0;39m [2m[           main][0;39m [36mtrationDelegate$BeanPostProcessorChecker[0;39m [2m:[0;39m Bean 'objectPostProcessor' of type [org.springframework.security.config.annotation.configuration.AutowireBeanFactoryObjectPostProcessor] is not eligible for getting processed by all BeanPostProcessors (for example: not eligible for auto-proxying)
[2m2019-10-25 14:32:21.043[0;39m [32m INFO[0;39m [35m2606[0;39m [2m---[0;39m [2m[           main][0;39m [36mtrationDelegate$BeanPostProcessorChecker[0;39m [2m:[0;39m Bean 'org.springframework.security.access.expression.method.DefaultMethodSecurityExpressionHandler@39266403' of type [org.springframework.security.access.expression.method.DefaultMethodSecurityExpressionHandler] is not eligible for getting processed by all BeanPostProcessors (for example: not eligible for auto-proxying)
[2m2019-10-25 14:32:21.048[0;39m [32m INFO[0;39m [35m2606[0;39m [2m---[0;39m [2m[           main][0;39m [36mtrationDelegate$BeanPostProcessorChecker[0;39m [2m:[0;39m Bean 'org.springframework.security.config.annotation.method.configuration.GlobalMethodSecurityConfiguration' of type [org.springframework.security.config.annotation.method.configuration.GlobalMethodSecurityConfiguration$$EnhancerBySpringCGLIB$$aaff9428] is not eligible for getting processed by all BeanPostProcessors (for example: not eligible for auto-proxying)
[2m2019-10-25 14:32:21.055[0;39m [32m INFO[0;39m [35m2606[0;39m [2m---[0;39m [2m[           main][0;39m [36mtrationDelegate$BeanPostProcessorChecker[0;39m [2m:[0;39m Bean 'methodSecurityMetadataSource' of type [org.springframework.security.access.method.DelegatingMethodSecurityMetadataSource] is not eligible for getting processed by all BeanPostProcessors (for example: not eligible for auto-proxying)
[2m2019-10-25 14:32:21.069[0;39m [32m INFO[0;39m [35m2606[0;39m [2m---[0;39m [2m[           main][0;39m [36mtrationDelegate$BeanPostProcessorChecker[0;39m [2m:[0;39m Bean 'org.springframework.hateoas.config.HateoasConfiguration' of type [org.springframework.hateoas.config.HateoasConfiguration$$EnhancerBySpringCGLIB$$6cfd766e] is not eligible for getting processed by all BeanPostProcessors (for example: not eligible for auto-proxying)
[2m2019-10-25 14:32:21.721[0;39m [32m INFO[0;39m [35m2606[0;39m [2m---[0;39m [2m[           main][0;39m [36mo.s.b.w.embedded.tomcat.TomcatWebServer [0;39m [2m:[0;39m Tomcat initialized with port(s): 8001 (http)
[2m2019-10-25 14:32:21.764[0;39m [32m INFO[0;39m [35m2606[0;39m [2m---[0;39m [2m[           main][0;39m [36mo.apache.catalina.core.StandardService  [0;39m [2m:[0;39m Starting service [Tomcat]
[2m2019-10-25 14:32:21.764[0;39m [32m INFO[0;39m [35m2606[0;39m [2m---[0;39m [2m[           main][0;39m [36morg.apache.catalina.core.StandardEngine [0;39m [2m:[0;39m Starting Servlet engine: [Apache Tomcat/9.0.26]
[2m2019-10-25 14:32:21.970[0;39m [32m INFO[0;39m [35m2606[0;39m [2m---[0;39m [2m[           main][0;39m [36mo.a.c.c.C.[.[localhost].[/api/v1/web]   [0;39m [2m:[0;39m Initializing Spring embedded WebApplicationContext
[2m2019-10-25 14:32:21.971[0;39m [32m INFO[0;39m [35m2606[0;39m [2m---[0;39m [2m[           main][0;39m [36mo.s.web.context.ContextLoader           [0;39m [2m:[0;39m Root WebApplicationContext: initialization completed in 3393 ms
[2m2019-10-25 14:32:23.269[0;39m [32m INFO[0;39m [35m2606[0;39m [2m---[0;39m [2m[           main][0;39m [36mc.a.d.s.b.a.DruidDataSourceAutoConfigure[0;39m [2m:[0;39m Init DruidDataSource
[2m2019-10-25 14:32:23.543[0;39m [32m INFO[0;39m [35m2606[0;39m [2m---[0;39m [2m[           main][0;39m [36mcom.alibaba.druid.pool.DruidDataSource  [0;39m [2m:[0;39m {dataSource-1} inited
[2m2019-10-25 14:32:25.083[0;39m [32m INFO[0;39m [35m2606[0;39m [2m---[0;39m [2m[           main][0;39m [36mpertySourcedRequestMappingHandlerMapping[0;39m [2m:[0;39m Mapped URL path [/v2/api-docs] onto method [public org.springframework.http.ResponseEntity<springfox.documentation.spring.web.json.Json> springfox.documentation.swagger2.web.Swagger2Controller.getDocumentation(java.lang.String,javax.servlet.http.HttpServletRequest)]
[2m2019-10-25 14:32:25.582[0;39m [32m INFO[0;39m [35m2606[0;39m [2m---[0;39m [2m[           main][0;39m [36mo.s.s.web.DefaultSecurityFilterChain    [0;39m [2m:[0;39m Creating filter chain: any request, [org.springframework.security.web.context.request.async.WebAsyncManagerIntegrationFilter@77401977, org.springframework.security.web.context.SecurityContextPersistenceFilter@21a0795f, org.springframework.security.web.header.HeaderWriterFilter@1942a36e, org.springframework.security.web.authentication.logout.LogoutFilter@31859960, com.onepiece.treasure.web.jwt.JwtAuthenticationTokenFilter@30fa8a6b, org.springframework.security.web.savedrequest.RequestCacheAwareFilter@56d742ad, org.springframework.security.web.servletapi.SecurityContextHolderAwareRequestFilter@66048c9e, org.springframework.security.web.authentication.AnonymousAuthenticationFilter@7865cc83, org.springframework.security.web.session.SessionManagementFilter@735167e1, org.springframework.security.web.access.ExceptionTranslationFilter@7978550b, org.springframework.security.web.access.intercept.FilterSecurityInterceptor@1d0f7bcf]
[2m2019-10-25 14:32:26.254[0;39m [32m INFO[0;39m [35m2606[0;39m [2m---[0;39m [2m[           main][0;39m [36mo.s.s.concurrent.ThreadPoolTaskExecutor [0;39m [2m:[0;39m Initializing ExecutorService 'applicationTaskExecutor'
[2m2019-10-25 14:32:26.931[0;39m [32m INFO[0;39m [35m2606[0;39m [2m---[0;39m [2m[           main][0;39m [36md.s.w.p.DocumentationPluginsBootstrapper[0;39m [2m:[0;39m Context refreshed
[2m2019-10-25 14:32:26.964[0;39m [32m INFO[0;39m [35m2606[0;39m [2m---[0;39m [2m[           main][0;39m [36md.s.w.p.DocumentationPluginsBootstrapper[0;39m [2m:[0;39m Found 1 custom documentation plugin(s)
[2m2019-10-25 14:32:27.143[0;39m [32m INFO[0;39m [35m2606[0;39m [2m---[0;39m [2m[           main][0;39m [36ms.d.s.w.s.ApiListingReferenceScanner    [0;39m [2m:[0;39m Scanning for api listing references
[2m2019-10-25 14:32:27.478[0;39m [32m INFO[0;39m [35m2606[0;39m [2m---[0;39m [2m[           main][0;39m [36m.d.s.w.r.o.CachingOperationNameGenerator[0;39m [2m:[0;39m Generating unique operation named: allUsingGET_1
[2m2019-10-25 14:32:27.487[0;39m [32m INFO[0;39m [35m2606[0;39m [2m---[0;39m [2m[           main][0;39m [36m.d.s.w.r.o.CachingOperationNameGenerator[0;39m [2m:[0;39m Generating unique operation named: updateUsingPUT_1
[2m2019-10-25 14:32:27.508[0;39m [32m INFO[0;39m [35m2606[0;39m [2m---[0;39m [2m[           main][0;39m [36m.d.s.w.r.o.CachingOperationNameGenerator[0;39m [2m:[0;39m Generating unique operation named: allUsingGET_2
[2m2019-10-25 14:32:27.523[0;39m [32m INFO[0;39m [35m2606[0;39m [2m---[0;39m [2m[           main][0;39m [36m.d.s.w.r.o.CachingOperationNameGenerator[0;39m [2m:[0;39m Generating unique operation named: createUsingPOST_1
[2m2019-10-25 14:32:27.541[0;39m [32m INFO[0;39m [35m2606[0;39m [2m---[0;39m [2m[           main][0;39m [36m.d.s.w.r.o.CachingOperationNameGenerator[0;39m [2m:[0;39m Generating unique operation named: updateUsingPUT_2
[2m2019-10-25 14:32:27.622[0;39m [32m INFO[0;39m [35m2606[0;39m [2m---[0;39m [2m[           main][0;39m [36m.d.s.w.r.o.CachingOperationNameGenerator[0;39m [2m:[0;39m Generating unique operation named: createUsingPOST_2
[2m2019-10-25 14:32:27.638[0;39m [32m INFO[0;39m [35m2606[0;39m [2m---[0;39m [2m[           main][0;39m [36m.d.s.w.r.o.CachingOperationNameGenerator[0;39m [2m:[0;39m Generating unique operation named: queryUsingGET_1
[2m2019-10-25 14:32:27.644[0;39m [32m INFO[0;39m [35m2606[0;39m [2m---[0;39m [2m[           main][0;39m [36m.d.s.w.r.o.CachingOperationNameGenerator[0;39m [2m:[0;39m Generating unique operation named: updateUsingPUT_3
[2m2019-10-25 14:32:27.651[0;39m [32m INFO[0;39m [35m2606[0;39m [2m---[0;39m [2m[           main][0;39m [36m.d.s.w.r.o.CachingOperationNameGenerator[0;39m [2m:[0;39m Generating unique operation named: allUsingGET_3
[2m2019-10-25 14:32:27.656[0;39m [32m INFO[0;39m [35m2606[0;39m [2m---[0;39m [2m[           main][0;39m [36m.d.s.w.r.o.CachingOperationNameGenerator[0;39m [2m:[0;39m Generating unique operation named: createUsingPOST_3
[2m2019-10-25 14:32:27.662[0;39m [32m INFO[0;39m [35m2606[0;39m [2m---[0;39m [2m[           main][0;39m [36m.d.s.w.r.o.CachingOperationNameGenerator[0;39m [2m:[0;39m Generating unique operation named: updateUsingPUT_4
[2m2019-10-25 14:32:27.781[0;39m [32m INFO[0;39m [35m2606[0;39m [2m---[0;39m [2m[           main][0;39m [36mo.s.b.w.embedded.tomcat.TomcatWebServer [0;39m [2m:[0;39m Tomcat started on port(s): 8001 (http) with context path '/api/v1/web'
[2m2019-10-25 14:32:27.790[0;39m [32m INFO[0;39m [35m2606[0;39m [2m---[0;39m [2m[           main][0;39m [36mc.o.treasure.web.WebApplicationKt       [0;39m [2m:[0;39m Started WebApplicationKt in 10.53 seconds (JVM running for 11.607)
[2m2019-10-25 14:32:33.721[0;39m [32m INFO[0;39m [35m2606[0;39m [2m---[0;39m [2m[nio-8001-exec-1][0;39m [36mo.a.c.c.C.[.[localhost].[/api/v1/web]   [0;39m [2m:[0;39m Initializing Spring DispatcherServlet 'dispatcherServlet'
[2m2019-10-25 14:32:33.721[0;39m [32m INFO[0;39m [35m2606[0;39m [2m---[0;39m [2m[nio-8001-exec-1][0;39m [36mo.s.web.servlet.DispatcherServlet       [0;39m [2m:[0;39m Initializing Servlet 'dispatcherServlet'
[2m2019-10-25 14:32:33.744[0;39m [32m INFO[0;39m [35m2606[0;39m [2m---[0;39m [2m[nio-8001-exec-1][0;39m [36mo.s.web.servlet.DispatcherServlet       [0;39m [2m:[0;39m Completed initialization in 22 ms
[2m2019-10-25 14:32:33.805[0;39m [33m WARN[0;39m [35m2606[0;39m [2m---[0;39m [2m[nio-8001-exec-1][0;39m [36m.w.s.m.s.DefaultHandlerExceptionResolver[0;39m [2m:[0;39m Resolved [org.springframework.web.bind.MissingServletRequestParameterException: Required LocalDateTime parameter 'startTime' is not present]
[2m2019-10-25 14:33:01.231[0;39m [33m WARN[0;39m [35m2606[0;39m [2m---[0;39m [2m[nio-8001-exec-3][0;39m [36m.w.s.m.s.DefaultHandlerExceptionResolver[0;39m [2m:[0;39m Resolved [org.springframework.web.method.annotation.MethodArgumentTypeMismatchException: Failed to convert value of type 'java.lang.String' to required type 'java.time.LocalDateTime'; nested exception is org.springframework.core.convert.ConversionFailedException: Failed to convert from type [java.lang.String] to type [@org.springframework.format.annotation.DateTimeFormat @org.springframework.web.bind.annotation.RequestParam java.time.LocalDateTime] for value '2019-01-01 00:00:09'; nested exception is java.lang.IllegalArgumentException: Parse attempt failed for value [2019-01-01 00:00:09]]
[2m2019-10-25 14:33:30.259[0;39m [31mERROR[0;39m [35m2606[0;39m [2m---[0;39m [2m[nio-8001-exec-5][0;39m [36mo.a.c.c.C.[.[.[.[dispatcherServlet]     [0;39m [2m:[0;39m Servlet.service() for servlet [dispatcherServlet] in context with path [/api/v1/web] threw exception [Request processing failed; nested exception is org.springframework.jdbc.BadSqlGrammarException: PreparedStatementCallback; bad SQL grammar [select count (*) as count from `member` where client_id = ? and created_time > ? and created_time <= ?]; nested exception is java.sql.SQLSyntaxErrorException: You have an error in your SQL syntax; check the manual that corresponds to your MySQL server version for the right syntax to use near '*) as count from `member` where client_id = 1 and created_time > '2018-12-31 16:' at line 1] with root cause

java.sql.SQLSyntaxErrorException: You have an error in your SQL syntax; check the manual that corresponds to your MySQL server version for the right syntax to use near '*) as count from `member` where client_id = 1 and created_time > '2018-12-31 16:' at line 1
	at com.mysql.cj.jdbc.exceptions.SQLError.createSQLException(SQLError.java:120)
	at com.mysql.cj.jdbc.exceptions.SQLError.createSQLException(SQLError.java:97)
	at com.mysql.cj.jdbc.exceptions.SQLExceptionsMapping.translateException(SQLExceptionsMapping.java:122)
	at com.mysql.cj.jdbc.ClientPreparedStatement.executeInternal(ClientPreparedStatement.java:953)
	at com.mysql.cj.jdbc.ClientPreparedStatement.executeQuery(ClientPreparedStatement.java:1003)
	at com.alibaba.druid.filter.FilterChainImpl.preparedStatement_executeQuery(FilterChainImpl.java:3188)
	at com.alibaba.druid.filter.FilterEventAdapter.preparedStatement_executeQuery(FilterEventAdapter.java:465)
	at com.alibaba.druid.filter.FilterChainImpl.preparedStatement_executeQuery(FilterChainImpl.java:3185)
	at com.alibaba.druid.proxy.jdbc.PreparedStatementProxyImpl.executeQuery(PreparedStatementProxyImpl.java:181)
	at com.alibaba.druid.pool.DruidPooledPreparedStatement.executeQuery(DruidPooledPreparedStatement.java:228)
	at org.springframework.jdbc.core.JdbcTemplate$1.doInPreparedStatement(JdbcTemplate.java:678)
	at org.springframework.jdbc.core.JdbcTemplate.execute(JdbcTemplate.java:617)
	at org.springframework.jdbc.core.JdbcTemplate.query(JdbcTemplate.java:669)
	at org.springframework.jdbc.core.JdbcTemplate.query(JdbcTemplate.java:700)
	at org.springframework.jdbc.core.JdbcTemplate.query(JdbcTemplate.java:712)
	at org.springframework.jdbc.core.JdbcTemplate.queryForObject(JdbcTemplate.java:783)
	at org.springframework.jdbc.core.JdbcTemplate.queryForObject(JdbcTemplate.java:804)
	at com.onepiece.treasure.utils.Query.count(JdbcBuilder.kt:145)
	at com.onepiece.treasure.core.dao.impl.MemberDaoImpl.total(MemberDaoImpl.kt:64)
	at com.onepiece.treasure.core.dao.impl.MemberDaoImpl$$FastClassBySpringCGLIB$$e93b8def.invoke(<generated>)
	at org.springframework.cglib.proxy.MethodProxy.invoke(MethodProxy.java:218)
	at org.springframework.aop.framework.CglibAopProxy$CglibMethodInvocation.invokeJoinpoint(CglibAopProxy.java:750)
	at org.springframework.aop.framework.ReflectiveMethodInvocation.proceed(ReflectiveMethodInvocation.java:163)
	at org.springframework.dao.support.PersistenceExceptionTranslationInterceptor.invoke(PersistenceExceptionTranslationInterceptor.java:139)
	at org.springframework.aop.framework.ReflectiveMethodInvocation.proceed(ReflectiveMethodInvocation.java:186)
	at org.springframework.aop.framework.CglibAopProxy$DynamicAdvisedInterceptor.intercept(CglibAopProxy.java:689)
	at com.onepiece.treasure.core.dao.impl.MemberDaoImpl$$EnhancerBySpringCGLIB$$9f6678d2.total(<generated>)
	at com.onepiece.treasure.core.service.impl.MemberServiceImpl.query(MemberServiceImpl.kt:29)
	at com.onepiece.treasure.web.controller.MemberApiController.query(MemberApiController.kt:32)
	at sun.reflect.NativeMethodAccessorImpl.invoke0(Native Method)
	at sun.reflect.NativeMethodAccessorImpl.invoke(NativeMethodAccessorImpl.java:62)
	at sun.reflect.DelegatingMethodAccessorImpl.invoke(DelegatingMethodAccessorImpl.java:43)
	at java.lang.reflect.Method.invoke(Method.java:498)
	at org.springframework.web.method.support.InvocableHandlerMethod.doInvoke(InvocableHandlerMethod.java:190)
	at org.springframework.web.method.support.InvocableHandlerMethod.invokeForRequest(InvocableHandlerMethod.java:138)
	at org.springframework.web.servlet.mvc.method.annotation.ServletInvocableHandlerMethod.invokeAndHandle(ServletInvocableHandlerMethod.java:105)
	at org.springframework.web.servlet.mvc.method.annotation.RequestMappingHandlerAdapter.invokeHandlerMethod(RequestMappingHandlerAdapter.java:893)
	at org.springframework.web.servlet.mvc.method.annotation.RequestMappingHandlerAdapter.handleInternal(RequestMappingHandlerAdapter.java:798)
	at org.springframework.web.servlet.mvc.method.AbstractHandlerMethodAdapter.handle(AbstractHandlerMethodAdapter.java:87)
	at org.springframework.web.servlet.DispatcherServlet.doDispatch(DispatcherServlet.java:1040)
	at org.springframework.web.servlet.DispatcherServlet.doService(DispatcherServlet.java:943)
	at org.springframework.web.servlet.FrameworkServlet.processRequest(FrameworkServlet.java:1006)
	at org.springframework.web.servlet.FrameworkServlet.doGet(FrameworkServlet.java:898)
	at javax.servlet.http.HttpServlet.service(HttpServlet.java:634)
	at org.springframework.web.servlet.FrameworkServlet.service(FrameworkServlet.java:883)
	at javax.servlet.http.HttpServlet.service(HttpServlet.java:741)
	at org.apache.catalina.core.ApplicationFilterChain.internalDoFilter(ApplicationFilterChain.java:231)
	at org.apache.catalina.core.ApplicationFilterChain.doFilter(ApplicationFilterChain.java:166)
	at org.apache.tomcat.websocket.server.WsFilter.doFilter(WsFilter.java:53)
	at org.apache.catalina.core.ApplicationFilterChain.internalDoFilter(ApplicationFilterChain.java:193)
	at org.apache.catalina.core.ApplicationFilterChain.doFilter(ApplicationFilterChain.java:166)
	at org.springframework.web.filter.OncePerRequestFilter.doFilter(OncePerRequestFilter.java:113)
	at org.apache.catalina.core.ApplicationFilterChain.internalDoFilter(ApplicationFilterChain.java:193)
	at org.apache.catalina.core.ApplicationFilterChain.doFilter(ApplicationFilterChain.java:166)
	at com.alibaba.druid.support.http.WebStatFilter.doFilter(WebStatFilter.java:123)
	at org.apache.catalina.core.ApplicationFilterChain.internalDoFilter(ApplicationFilterChain.java:193)
	at org.apache.catalina.core.ApplicationFilterChain.doFilter(ApplicationFilterChain.java:166)
	at org.springframework.security.web.FilterChainProxy$VirtualFilterChain.doFilter(FilterChainProxy.java:320)
	at org.springframework.security.web.access.intercept.FilterSecurityInterceptor.invoke(FilterSecurityInterceptor.java:127)
	at org.springframework.security.web.access.intercept.FilterSecurityInterceptor.doFilter(FilterSecurityInterceptor.java:91)
	at org.springframework.security.web.FilterChainProxy$VirtualFilterChain.doFilter(FilterChainProxy.java:334)
	at org.springframework.security.web.access.ExceptionTranslationFilter.doFilter(ExceptionTranslationFilter.java:119)
	at org.springframework.security.web.FilterChainProxy$VirtualFilterChain.doFilter(FilterChainProxy.java:334)
	at org.springframework.security.web.session.SessionManagementFilter.doFilter(SessionManagementFilter.java:137)
	at org.springframework.security.web.FilterChainProxy$VirtualFilterChain.doFilter(FilterChainProxy.java:334)
	at org.springframework.security.web.authentication.AnonymousAuthenticationFilter.doFilter(AnonymousAuthenticationFilter.java:111)
	at org.springframework.security.web.FilterChainProxy$VirtualFilterChain.doFilter(FilterChainProxy.java:334)
	at org.springframework.security.web.servletapi.SecurityContextHolderAwareRequestFilter.doFilter(SecurityContextHolderAwareRequestFilter.java:170)
	at org.springframework.security.web.FilterChainProxy$VirtualFilterChain.doFilter(FilterChainProxy.java:334)
	at org.springframework.security.web.savedrequest.RequestCacheAwareFilter.doFilter(RequestCacheAwareFilter.java:63)
	at org.springframework.security.web.FilterChainProxy$VirtualFilterChain.doFilter(FilterChainProxy.java:334)
	at com.onepiece.treasure.web.jwt.JwtAuthenticationTokenFilter.doFilterInternal(JwtAuthenticationTokenFilter.kt:42)
	at org.springframework.web.filter.OncePerRequestFilter.doFilter(OncePerRequestFilter.java:119)
	at org.springframework.security.web.FilterChainProxy$VirtualFilterChain.doFilter(FilterChainProxy.java:334)
	at org.springframework.security.web.authentication.logout.LogoutFilter.doFilter(LogoutFilter.java:116)
	at org.springframework.security.web.FilterChainProxy$VirtualFilterChain.doFilter(FilterChainProxy.java:334)
	at org.springframework.security.web.header.HeaderWriterFilter.doFilterInternal(HeaderWriterFilter.java:74)
	at org.springframework.web.filter.OncePerRequestFilter.doFilter(OncePerRequestFilter.java:119)
	at org.springframework.security.web.FilterChainProxy$VirtualFilterChain.doFilter(FilterChainProxy.java:334)
	at org.springframework.security.web.context.SecurityContextPersistenceFilter.doFilter(SecurityContextPersistenceFilter.java:105)
	at org.springframework.security.web.FilterChainProxy$VirtualFilterChain.doFilter(FilterChainProxy.java:334)
	at org.springframework.security.web.context.request.async.WebAsyncManagerIntegrationFilter.doFilterInternal(WebAsyncManagerIntegrationFilter.java:56)
	at org.springframework.web.filter.OncePerRequestFilter.doFilter(OncePerRequestFilter.java:119)
	at org.springframework.security.web.FilterChainProxy$VirtualFilterChain.doFilter(FilterChainProxy.java:334)
	at org.springframework.security.web.FilterChainProxy.doFilterInternal(FilterChainProxy.java:215)
	at org.springframework.security.web.FilterChainProxy.doFilter(FilterChainProxy.java:178)
	at org.springframework.web.filter.DelegatingFilterProxy.invokeDelegate(DelegatingFilterProxy.java:358)
	at org.springframework.web.filter.DelegatingFilterProxy.doFilter(DelegatingFilterProxy.java:271)
	at org.apache.catalina.core.ApplicationFilterChain.internalDoFilter(ApplicationFilterChain.java:193)
	at org.apache.catalina.core.ApplicationFilterChain.doFilter(ApplicationFilterChain.java:166)
	at org.springframework.web.filter.RequestContextFilter.doFilterInternal(RequestContextFilter.java:100)
	at org.springframework.web.filter.OncePerRequestFilter.doFilter(OncePerRequestFilter.java:119)
	at org.apache.catalina.core.ApplicationFilterChain.internalDoFilter(ApplicationFilterChain.java:193)
	at org.apache.catalina.core.ApplicationFilterChain.doFilter(ApplicationFilterChain.java:166)
	at org.springframework.web.filter.FormContentFilter.doFilterInternal(FormContentFilter.java:93)
	at org.springframework.web.filter.OncePerRequestFilter.doFilter(OncePerRequestFilter.java:119)
	at org.apache.catalina.core.ApplicationFilterChain.internalDoFilter(ApplicationFilterChain.java:193)
	at org.apache.catalina.core.ApplicationFilterChain.doFilter(ApplicationFilterChain.java:166)
	at org.springframework.web.filter.HiddenHttpMethodFilter.doFilterInternal(HiddenHttpMethodFilter.java:94)
	at org.springframework.web.filter.OncePerRequestFilter.doFilter(OncePerRequestFilter.java:119)
	at org.apache.catalina.core.ApplicationFilterChain.internalDoFilter(ApplicationFilterChain.java:193)
	at org.apache.catalina.core.ApplicationFilterChain.doFilter(ApplicationFilterChain.java:166)
	at org.springframework.web.filter.CharacterEncodingFilter.doFilterInternal(CharacterEncodingFilter.java:201)
	at org.springframework.web.filter.OncePerRequestFilter.doFilter(OncePerRequestFilter.java:119)
	at org.apache.catalina.core.ApplicationFilterChain.internalDoFilter(ApplicationFilterChain.java:193)
	at org.apache.catalina.core.ApplicationFilterChain.doFilter(ApplicationFilterChain.java:166)
	at org.apache.catalina.core.StandardWrapperValve.invoke(StandardWrapperValve.java:202)
	at org.apache.catalina.core.StandardContextValve.invoke(StandardContextValve.java:96)
	at org.apache.catalina.authenticator.AuthenticatorBase.invoke(AuthenticatorBase.java:526)
	at org.apache.catalina.core.StandardHostValve.invoke(StandardHostValve.java:139)
	at org.apache.catalina.valves.ErrorReportValve.invoke(ErrorReportValve.java:92)
	at org.apache.catalina.core.StandardEngineValve.invoke(StandardEngineValve.java:74)
	at org.apache.catalina.connector.CoyoteAdapter.service(CoyoteAdapter.java:343)
	at org.apache.coyote.http11.Http11Processor.service(Http11Processor.java:408)
	at org.apache.coyote.AbstractProcessorLight.process(AbstractProcessorLight.java:66)
	at org.apache.coyote.AbstractProtocol$ConnectionHandler.process(AbstractProtocol.java:860)
	at org.apache.tomcat.util.net.NioEndpoint$SocketProcessor.doRun(NioEndpoint.java:1589)
	at org.apache.tomcat.util.net.SocketProcessorBase.run(SocketProcessorBase.java:49)
	at java.util.concurrent.ThreadPoolExecutor.runWorker(ThreadPoolExecutor.java:1149)
	at java.util.concurrent.ThreadPoolExecutor$Worker.run(ThreadPoolExecutor.java:624)
	at org.apache.tomcat.util.threads.TaskThread$WrappingRunnable.run(TaskThread.java:61)
	at java.lang.Thread.run(Thread.java:748)

[2m2019-10-25 14:35:41.732[0;39m [31mERROR[0;39m [35m2606[0;39m [2m---[0;39m [2m[nio-8001-exec-7][0;39m [36mo.a.c.c.C.[.[.[.[dispatcherServlet]     [0;39m [2m:[0;39m Servlet.service() for servlet [dispatcherServlet] in context with path [/api/v1/web] threw exception [Request processing failed; nested exception is org.springframework.jdbc.BadSqlGrammarException: PreparedStatementCallback; bad SQL grammar [select count (*) as count from `member` where client_id = ? and created_time > ? and created_time <= ?]; nested exception is java.sql.SQLSyntaxErrorException: You have an error in your SQL syntax; check the manual that corresponds to your MySQL server version for the right syntax to use near '*) as count from `member` where client_id = 1 and created_time > '2018-12-31 16:' at line 1] with root cause

java.sql.SQLSyntaxErrorException: You have an error in your SQL syntax; check the manual that corresponds to your MySQL server version for the right syntax to use near '*) as count from `member` where client_id = 1 and created_time > '2018-12-31 16:' at line 1
	at com.mysql.cj.jdbc.exceptions.SQLError.createSQLException(SQLError.java:120)
	at com.mysql.cj.jdbc.exceptions.SQLError.createSQLException(SQLError.java:97)
	at com.mysql.cj.jdbc.exceptions.SQLExceptionsMapping.translateException(SQLExceptionsMapping.java:122)
	at com.mysql.cj.jdbc.ClientPreparedStatement.executeInternal(ClientPreparedStatement.java:953)
	at com.mysql.cj.jdbc.ClientPreparedStatement.executeQuery(ClientPreparedStatement.java:1003)
	at com.alibaba.druid.filter.FilterChainImpl.preparedStatement_executeQuery(FilterChainImpl.java:3188)
	at com.alibaba.druid.filter.FilterEventAdapter.preparedStatement_executeQuery(FilterEventAdapter.java:465)
	at com.alibaba.druid.filter.FilterChainImpl.preparedStatement_executeQuery(FilterChainImpl.java:3185)
	at com.alibaba.druid.proxy.jdbc.PreparedStatementProxyImpl.executeQuery(PreparedStatementProxyImpl.java:181)
	at com.alibaba.druid.pool.DruidPooledPreparedStatement.executeQuery(DruidPooledPreparedStatement.java:228)
	at org.springframework.jdbc.core.JdbcTemplate$1.doInPreparedStatement(JdbcTemplate.java:678)
	at org.springframework.jdbc.core.JdbcTemplate.execute(JdbcTemplate.java:617)
	at org.springframework.jdbc.core.JdbcTemplate.query(JdbcTemplate.java:669)
	at org.springframework.jdbc.core.JdbcTemplate.query(JdbcTemplate.java:700)
	at org.springframework.jdbc.core.JdbcTemplate.query(JdbcTemplate.java:712)
	at org.springframework.jdbc.core.JdbcTemplate.queryForObject(JdbcTemplate.java:783)
	at org.springframework.jdbc.core.JdbcTemplate.queryForObject(JdbcTemplate.java:804)
	at com.onepiece.treasure.utils.Query.count(JdbcBuilder.kt:145)
	at com.onepiece.treasure.core.dao.impl.MemberDaoImpl.total(MemberDaoImpl.kt:64)
	at com.onepiece.treasure.core.dao.impl.MemberDaoImpl$$FastClassBySpringCGLIB$$e93b8def.invoke(<generated>)
	at org.springframework.cglib.proxy.MethodProxy.invoke(MethodProxy.java:218)
	at org.springframework.aop.framework.CglibAopProxy$CglibMethodInvocation.invokeJoinpoint(CglibAopProxy.java:750)
	at org.springframework.aop.framework.ReflectiveMethodInvocation.proceed(ReflectiveMethodInvocation.java:163)
	at org.springframework.dao.support.PersistenceExceptionTranslationInterceptor.invoke(PersistenceExceptionTranslationInterceptor.java:139)
	at org.springframework.aop.framework.ReflectiveMethodInvocation.proceed(ReflectiveMethodInvocation.java:186)
	at org.springframework.aop.framework.CglibAopProxy$DynamicAdvisedInterceptor.intercept(CglibAopProxy.java:689)
	at com.onepiece.treasure.core.dao.impl.MemberDaoImpl$$EnhancerBySpringCGLIB$$9f6678d2.total(<generated>)
	at com.onepiece.treasure.core.service.impl.MemberServiceImpl.query(MemberServiceImpl.kt:29)
	at com.onepiece.treasure.web.controller.MemberApiController.query(MemberApiController.kt:32)
	at sun.reflect.NativeMethodAccessorImpl.invoke0(Native Method)
	at sun.reflect.NativeMethodAccessorImpl.invoke(NativeMethodAccessorImpl.java:62)
	at sun.reflect.DelegatingMethodAccessorImpl.invoke(DelegatingMethodAccessorImpl.java:43)
	at java.lang.reflect.Method.invoke(Method.java:498)
	at org.springframework.web.method.support.InvocableHandlerMethod.doInvoke(InvocableHandlerMethod.java:190)
	at org.springframework.web.method.support.InvocableHandlerMethod.invokeForRequest(InvocableHandlerMethod.java:138)
	at org.springframework.web.servlet.mvc.method.annotation.ServletInvocableHandlerMethod.invokeAndHandle(ServletInvocableHandlerMethod.java:105)
	at org.springframework.web.servlet.mvc.method.annotation.RequestMappingHandlerAdapter.invokeHandlerMethod(RequestMappingHandlerAdapter.java:893)
	at org.springframework.web.servlet.mvc.method.annotation.RequestMappingHandlerAdapter.handleInternal(RequestMappingHandlerAdapter.java:798)
	at org.springframework.web.servlet.mvc.method.AbstractHandlerMethodAdapter.handle(AbstractHandlerMethodAdapter.java:87)
	at org.springframework.web.servlet.DispatcherServlet.doDispatch(DispatcherServlet.java:1040)
	at org.springframework.web.servlet.DispatcherServlet.doService(DispatcherServlet.java:943)
	at org.springframework.web.servlet.FrameworkServlet.processRequest(FrameworkServlet.java:1006)
	at org.springframework.web.servlet.FrameworkServlet.doGet(FrameworkServlet.java:898)
	at javax.servlet.http.HttpServlet.service(HttpServlet.java:634)
	at org.springframework.web.servlet.FrameworkServlet.service(FrameworkServlet.java:883)
	at javax.servlet.http.HttpServlet.service(HttpServlet.java:741)
	at org.apache.catalina.core.ApplicationFilterChain.internalDoFilter(ApplicationFilterChain.java:231)
	at org.apache.catalina.core.ApplicationFilterChain.doFilter(ApplicationFilterChain.java:166)
	at org.apache.tomcat.websocket.server.WsFilter.doFilter(WsFilter.java:53)
	at org.apache.catalina.core.ApplicationFilterChain.internalDoFilter(ApplicationFilterChain.java:193)
	at org.apache.catalina.core.ApplicationFilterChain.doFilter(ApplicationFilterChain.java:166)
	at org.springframework.web.filter.OncePerRequestFilter.doFilter(OncePerRequestFilter.java:113)
	at org.apache.catalina.core.ApplicationFilterChain.internalDoFilter(ApplicationFilterChain.java:193)
	at org.apache.catalina.core.ApplicationFilterChain.doFilter(ApplicationFilterChain.java:166)
	at com.alibaba.druid.support.http.WebStatFilter.doFilter(WebStatFilter.java:123)
	at org.apache.catalina.core.ApplicationFilterChain.internalDoFilter(ApplicationFilterChain.java:193)
	at org.apache.catalina.core.ApplicationFilterChain.doFilter(ApplicationFilterChain.java:166)
	at org.springframework.security.web.FilterChainProxy$VirtualFilterChain.doFilter(FilterChainProxy.java:320)
	at org.springframework.security.web.access.intercept.FilterSecurityInterceptor.invoke(FilterSecurityInterceptor.java:127)
	at org.springframework.security.web.access.intercept.FilterSecurityInterceptor.doFilter(FilterSecurityInterceptor.java:91)
	at org.springframework.security.web.FilterChainProxy$VirtualFilterChain.doFilter(FilterChainProxy.java:334)
	at org.springframework.security.web.access.ExceptionTranslationFilter.doFilter(ExceptionTranslationFilter.java:119)
	at org.springframework.security.web.FilterChainProxy$VirtualFilterChain.doFilter(FilterChainProxy.java:334)
	at org.springframework.security.web.session.SessionManagementFilter.doFilter(SessionManagementFilter.java:137)
	at org.springframework.security.web.FilterChainProxy$VirtualFilterChain.doFilter(FilterChainProxy.java:334)
	at org.springframework.security.web.authentication.AnonymousAuthenticationFilter.doFilter(AnonymousAuthenticationFilter.java:111)
	at org.springframework.security.web.FilterChainProxy$VirtualFilterChain.doFilter(FilterChainProxy.java:334)
	at org.springframework.security.web.servletapi.SecurityContextHolderAwareRequestFilter.doFilter(SecurityContextHolderAwareRequestFilter.java:170)
	at org.springframework.security.web.FilterChainProxy$VirtualFilterChain.doFilter(FilterChainProxy.java:334)
	at org.springframework.security.web.savedrequest.RequestCacheAwareFilter.doFilter(RequestCacheAwareFilter.java:63)
	at org.springframework.security.web.FilterChainProxy$VirtualFilterChain.doFilter(FilterChainProxy.java:334)
	at com.onepiece.treasure.web.jwt.JwtAuthenticationTokenFilter.doFilterInternal(JwtAuthenticationTokenFilter.kt:42)
	at org.springframework.web.filter.OncePerRequestFilter.doFilter(OncePerRequestFilter.java:119)
	at org.springframework.security.web.FilterChainProxy$VirtualFilterChain.doFilter(FilterChainProxy.java:334)
	at org.springframework.security.web.authentication.logout.LogoutFilter.doFilter(LogoutFilter.java:116)
	at org.springframework.security.web.FilterChainProxy$VirtualFilterChain.doFilter(FilterChainProxy.java:334)
	at org.springframework.security.web.header.HeaderWriterFilter.doFilterInternal(HeaderWriterFilter.java:74)
	at org.springframework.web.filter.OncePerRequestFilter.doFilter(OncePerRequestFilter.java:119)
	at org.springframework.security.web.FilterChainProxy$VirtualFilterChain.doFilter(FilterChainProxy.java:334)
	at org.springframework.security.web.context.SecurityContextPersistenceFilter.doFilter(SecurityContextPersistenceFilter.java:105)
	at org.springframework.security.web.FilterChainProxy$VirtualFilterChain.doFilter(FilterChainProxy.java:334)
	at org.springframework.security.web.context.request.async.WebAsyncManagerIntegrationFilter.doFilterInternal(WebAsyncManagerIntegrationFilter.java:56)
	at org.springframework.web.filter.OncePerRequestFilter.doFilter(OncePerRequestFilter.java:119)
	at org.springframework.security.web.FilterChainProxy$VirtualFilterChain.doFilter(FilterChainProxy.java:334)
	at org.springframework.security.web.FilterChainProxy.doFilterInternal(FilterChainProxy.java:215)
	at org.springframework.security.web.FilterChainProxy.doFilter(FilterChainProxy.java:178)
	at org.springframework.web.filter.DelegatingFilterProxy.invokeDelegate(DelegatingFilterProxy.java:358)
	at org.springframework.web.filter.DelegatingFilterProxy.doFilter(DelegatingFilterProxy.java:271)
	at org.apache.catalina.core.ApplicationFilterChain.internalDoFilter(ApplicationFilterChain.java:193)
	at org.apache.catalina.core.ApplicationFilterChain.doFilter(ApplicationFilterChain.java:166)
	at org.springframework.web.filter.RequestContextFilter.doFilterInternal(RequestContextFilter.java:100)
	at org.springframework.web.filter.OncePerRequestFilter.doFilter(OncePerRequestFilter.java:119)
	at org.apache.catalina.core.ApplicationFilterChain.internalDoFilter(ApplicationFilterChain.java:193)
	at org.apache.catalina.core.ApplicationFilterChain.doFilter(ApplicationFilterChain.java:166)
	at org.springframework.web.filter.FormContentFilter.doFilterInternal(FormContentFilter.java:93)
	at org.springframework.web.filter.OncePerRequestFilter.doFilter(OncePerRequestFilter.java:119)
	at org.apache.catalina.core.ApplicationFilterChain.internalDoFilter(ApplicationFilterChain.java:193)
	at org.apache.catalina.core.ApplicationFilterChain.doFilter(ApplicationFilterChain.java:166)
	at org.springframework.web.filter.HiddenHttpMethodFilter.doFilterInternal(HiddenHttpMethodFilter.java:94)
	at org.springframework.web.filter.OncePerRequestFilter.doFilter(OncePerRequestFilter.java:119)
	at org.apache.catalina.core.ApplicationFilterChain.internalDoFilter(ApplicationFilterChain.java:193)
	at org.apache.catalina.core.ApplicationFilterChain.doFilter(ApplicationFilterChain.java:166)
	at org.springframework.web.filter.CharacterEncodingFilter.doFilterInternal(CharacterEncodingFilter.java:201)
	at org.springframework.web.filter.OncePerRequestFilter.doFilter(OncePerRequestFilter.java:119)
	at org.apache.catalina.core.ApplicationFilterChain.internalDoFilter(ApplicationFilterChain.java:193)
	at org.apache.catalina.core.ApplicationFilterChain.doFilter(ApplicationFilterChain.java:166)
	at org.apache.catalina.core.StandardWrapperValve.invoke(StandardWrapperValve.java:202)
	at org.apache.catalina.core.StandardContextValve.invoke(StandardContextValve.java:96)
	at org.apache.catalina.authenticator.AuthenticatorBase.invoke(AuthenticatorBase.java:526)
	at org.apache.catalina.core.StandardHostValve.invoke(StandardHostValve.java:139)
	at org.apache.catalina.valves.ErrorReportValve.invoke(ErrorReportValve.java:92)
	at org.apache.catalina.core.StandardEngineValve.invoke(StandardEngineValve.java:74)
	at org.apache.catalina.connector.CoyoteAdapter.service(CoyoteAdapter.java:343)
	at org.apache.coyote.http11.Http11Processor.service(Http11Processor.java:408)
	at org.apache.coyote.AbstractProcessorLight.process(AbstractProcessorLight.java:66)
	at org.apache.coyote.AbstractProtocol$ConnectionHandler.process(AbstractProtocol.java:860)
	at org.apache.tomcat.util.net.NioEndpoint$SocketProcessor.doRun(NioEndpoint.java:1589)
	at org.apache.tomcat.util.net.SocketProcessorBase.run(SocketProcessorBase.java:49)
	at java.util.concurrent.ThreadPoolExecutor.runWorker(ThreadPoolExecutor.java:1149)
	at java.util.concurrent.ThreadPoolExecutor$Worker.run(ThreadPoolExecutor.java:624)
	at org.apache.tomcat.util.threads.TaskThread$WrappingRunnable.run(TaskThread.java:61)
	at java.lang.Thread.run(Thread.java:748)

[2m2019-10-25 14:35:49.660[0;39m [32m INFO[0;39m [35m2606[0;39m [2m---[0;39m [2m[       Thread-3][0;39m [36mo.s.s.concurrent.ThreadPoolTaskExecutor [0;39m [2m:[0;39m Shutting down ExecutorService 'applicationTaskExecutor'
[2m2019-10-25 14:35:49.680[0;39m [32m INFO[0;39m [35m2606[0;39m [2m---[0;39m [2m[       Thread-3][0;39m [36mcom.alibaba.druid.pool.DruidDataSource  [0;39m [2m:[0;39m {dataSource-1} closed
[2m2019-10-25 14:35:54.977[0;39m [32m INFO[0;39m [35m2631[0;39m [2m---[0;39m [2m[           main][0;39m [36mc.o.treasure.web.WebApplicationKt       [0;39m [2m:[0;39m Starting WebApplicationKt on cabbage-mac.local with PID 2631 (/Users/cabbage/workspace/onepiece/treasure/treasure-web/target/classes started by cabbage in /Users/cabbage/workspace/onepiece/treasure)
[2m2019-10-25 14:35:54.989[0;39m [32m INFO[0;39m [35m2631[0;39m [2m---[0;39m [2m[           main][0;39m [36mc.o.treasure.web.WebApplicationKt       [0;39m [2m:[0;39m The following profiles are active: dev
[2m2019-10-25 14:35:56.561[0;39m [32m INFO[0;39m [35m2631[0;39m [2m---[0;39m [2m[           main][0;39m [36m.s.d.r.c.RepositoryConfigurationDelegate[0;39m [2m:[0;39m Multiple Spring Data modules found, entering strict repository configuration mode!
[2m2019-10-25 14:35:56.564[0;39m [32m INFO[0;39m [35m2631[0;39m [2m---[0;39m [2m[           main][0;39m [36m.s.d.r.c.RepositoryConfigurationDelegate[0;39m [2m:[0;39m Bootstrapping Spring Data repositories in DEFAULT mode.
[2m2019-10-25 14:35:56.604[0;39m [32m INFO[0;39m [35m2631[0;39m [2m---[0;39m [2m[           main][0;39m [36m.s.d.r.c.RepositoryConfigurationDelegate[0;39m [2m:[0;39m Finished Spring Data repository scanning in 25ms. Found 0 repository interfaces.
[2m2019-10-25 14:35:57.173[0;39m [32m INFO[0;39m [35m2631[0;39m [2m---[0;39m [2m[           main][0;39m [36mtrationDelegate$BeanPostProcessorChecker[0;39m [2m:[0;39m Bean 'org.springframework.security.config.annotation.configuration.ObjectPostProcessorConfiguration' of type [org.springframework.security.config.annotation.configuration.ObjectPostProcessorConfiguration$$EnhancerBySpringCGLIB$$9ce4d940] is not eligible for getting processed by all BeanPostProcessors (for example: not eligible for auto-proxying)
[2m2019-10-25 14:35:57.185[0;39m [32m INFO[0;39m [35m2631[0;39m [2m---[0;39m [2m[           main][0;39m [36mtrationDelegate$BeanPostProcessorChecker[0;39m [2m:[0;39m Bean 'org.springframework.transaction.annotation.ProxyTransactionManagementConfiguration' of type [org.springframework.transaction.annotation.ProxyTransactionManagementConfiguration$$EnhancerBySpringCGLIB$$4371106] is not eligible for getting processed by all BeanPostProcessors (for example: not eligible for auto-proxying)
[2m2019-10-25 14:35:57.215[0;39m [32m INFO[0;39m [35m2631[0;39m [2m---[0;39m [2m[           main][0;39m [36mtrationDelegate$BeanPostProcessorChecker[0;39m [2m:[0;39m Bean 'objectPostProcessor' of type [org.springframework.security.config.annotation.configuration.AutowireBeanFactoryObjectPostProcessor] is not eligible for getting processed by all BeanPostProcessors (for example: not eligible for auto-proxying)
[2m2019-10-25 14:35:57.218[0;39m [32m INFO[0;39m [35m2631[0;39m [2m---[0;39m [2m[           main][0;39m [36mtrationDelegate$BeanPostProcessorChecker[0;39m [2m:[0;39m Bean 'org.springframework.security.access.expression.method.DefaultMethodSecurityExpressionHandler@16f7f59f' of type [org.springframework.security.access.expression.method.DefaultMethodSecurityExpressionHandler] is not eligible for getting processed by all BeanPostProcessors (for example: not eligible for auto-proxying)
[2m2019-10-25 14:35:57.223[0;39m [32m INFO[0;39m [35m2631[0;39m [2m---[0;39m [2m[           main][0;39m [36mtrationDelegate$BeanPostProcessorChecker[0;39m [2m:[0;39m Bean 'org.springframework.security.config.annotation.method.configuration.GlobalMethodSecurityConfiguration' of type [org.springframework.security.config.annotation.method.configuration.GlobalMethodSecurityConfiguration$$EnhancerBySpringCGLIB$$c1b97bf2] is not eligible for getting processed by all BeanPostProcessors (for example: not eligible for auto-proxying)
[2m2019-10-25 14:35:57.228[0;39m [32m INFO[0;39m [35m2631[0;39m [2m---[0;39m [2m[           main][0;39m [36mtrationDelegate$BeanPostProcessorChecker[0;39m [2m:[0;39m Bean 'methodSecurityMetadataSource' of type [org.springframework.security.access.method.DelegatingMethodSecurityMetadataSource] is not eligible for getting processed by all BeanPostProcessors (for example: not eligible for auto-proxying)
[2m2019-10-25 14:35:57.243[0;39m [32m INFO[0;39m [35m2631[0;39m [2m---[0;39m [2m[           main][0;39m [36mtrationDelegate$BeanPostProcessorChecker[0;39m [2m:[0;39m Bean 'org.springframework.hateoas.config.HateoasConfiguration' of type [org.springframework.hateoas.config.HateoasConfiguration$$EnhancerBySpringCGLIB$$83b75e38] is not eligible for getting processed by all BeanPostProcessors (for example: not eligible for auto-proxying)
[2m2019-10-25 14:35:57.823[0;39m [32m INFO[0;39m [35m2631[0;39m [2m---[0;39m [2m[           main][0;39m [36mo.s.b.w.embedded.tomcat.TomcatWebServer [0;39m [2m:[0;39m Tomcat initialized with port(s): 8001 (http)
[2m2019-10-25 14:35:57.857[0;39m [32m INFO[0;39m [35m2631[0;39m [2m---[0;39m [2m[           main][0;39m [36mo.apache.catalina.core.StandardService  [0;39m [2m:[0;39m Starting service [Tomcat]
[2m2019-10-25 14:35:57.857[0;39m [32m INFO[0;39m [35m2631[0;39m [2m---[0;39m [2m[           main][0;39m [36morg.apache.catalina.core.StandardEngine [0;39m [2m:[0;39m Starting Servlet engine: [Apache Tomcat/9.0.26]
[2m2019-10-25 14:35:57.979[0;39m [32m INFO[0;39m [35m2631[0;39m [2m---[0;39m [2m[           main][0;39m [36mo.a.c.c.C.[.[localhost].[/api/v1/web]   [0;39m [2m:[0;39m Initializing Spring embedded WebApplicationContext
[2m2019-10-25 14:35:57.980[0;39m [32m INFO[0;39m [35m2631[0;39m [2m---[0;39m [2m[           main][0;39m [36mo.s.web.context.ContextLoader           [0;39m [2m:[0;39m Root WebApplicationContext: initialization completed in 2885 ms
[2m2019-10-25 14:35:59.247[0;39m [32m INFO[0;39m [35m2631[0;39m [2m---[0;39m [2m[           main][0;39m [36mc.a.d.s.b.a.DruidDataSourceAutoConfigure[0;39m [2m:[0;39m Init DruidDataSource
[2m2019-10-25 14:35:59.516[0;39m [32m INFO[0;39m [35m2631[0;39m [2m---[0;39m [2m[           main][0;39m [36mcom.alibaba.druid.pool.DruidDataSource  [0;39m [2m:[0;39m {dataSource-1} inited
[2m2019-10-25 14:36:00.937[0;39m [32m INFO[0;39m [35m2631[0;39m [2m---[0;39m [2m[           main][0;39m [36mpertySourcedRequestMappingHandlerMapping[0;39m [2m:[0;39m Mapped URL path [/v2/api-docs] onto method [public org.springframework.http.ResponseEntity<springfox.documentation.spring.web.json.Json> springfox.documentation.swagger2.web.Swagger2Controller.getDocumentation(java.lang.String,javax.servlet.http.HttpServletRequest)]
[2m2019-10-25 14:36:01.233[0;39m [32m INFO[0;39m [35m2631[0;39m [2m---[0;39m [2m[           main][0;39m [36mo.s.s.web.DefaultSecurityFilterChain    [0;39m [2m:[0;39m Creating filter chain: any request, [org.springframework.security.web.context.request.async.WebAsyncManagerIntegrationFilter@72c1bf75, org.springframework.security.web.context.SecurityContextPersistenceFilter@b63365c, org.springframework.security.web.header.HeaderWriterFilter@11a7840f, org.springframework.security.web.authentication.logout.LogoutFilter@9dbb1d9, com.onepiece.treasure.web.jwt.JwtAuthenticationTokenFilter@1b317e7d, org.springframework.security.web.savedrequest.RequestCacheAwareFilter@a44ad33, org.springframework.security.web.servletapi.SecurityContextHolderAwareRequestFilter@5e5d40ec, org.springframework.security.web.authentication.AnonymousAuthenticationFilter@43a8bd35, org.springframework.security.web.session.SessionManagementFilter@61607ff0, org.springframework.security.web.access.ExceptionTranslationFilter@66d69cd2, org.springframework.security.web.access.intercept.FilterSecurityInterceptor@27bf574b]
[2m2019-10-25 14:36:01.724[0;39m [32m INFO[0;39m [35m2631[0;39m [2m---[0;39m [2m[           main][0;39m [36mo.s.s.concurrent.ThreadPoolTaskExecutor [0;39m [2m:[0;39m Initializing ExecutorService 'applicationTaskExecutor'
[2m2019-10-25 14:36:02.356[0;39m [32m INFO[0;39m [35m2631[0;39m [2m---[0;39m [2m[           main][0;39m [36md.s.w.p.DocumentationPluginsBootstrapper[0;39m [2m:[0;39m Context refreshed
[2m2019-10-25 14:36:02.385[0;39m [32m INFO[0;39m [35m2631[0;39m [2m---[0;39m [2m[           main][0;39m [36md.s.w.p.DocumentationPluginsBootstrapper[0;39m [2m:[0;39m Found 1 custom documentation plugin(s)
[2m2019-10-25 14:36:02.551[0;39m [32m INFO[0;39m [35m2631[0;39m [2m---[0;39m [2m[           main][0;39m [36ms.d.s.w.s.ApiListingReferenceScanner    [0;39m [2m:[0;39m Scanning for api listing references
[2m2019-10-25 14:36:02.851[0;39m [32m INFO[0;39m [35m2631[0;39m [2m---[0;39m [2m[           main][0;39m [36m.d.s.w.r.o.CachingOperationNameGenerator[0;39m [2m:[0;39m Generating unique operation named: allUsingGET_1
[2m2019-10-25 14:36:02.860[0;39m [32m INFO[0;39m [35m2631[0;39m [2m---[0;39m [2m[           main][0;39m [36m.d.s.w.r.o.CachingOperationNameGenerator[0;39m [2m:[0;39m Generating unique operation named: updateUsingPUT_1
[2m2019-10-25 14:36:02.883[0;39m [32m INFO[0;39m [35m2631[0;39m [2m---[0;39m [2m[           main][0;39m [36m.d.s.w.r.o.CachingOperationNameGenerator[0;39m [2m:[0;39m Generating unique operation named: allUsingGET_2
[2m2019-10-25 14:36:02.900[0;39m [32m INFO[0;39m [35m2631[0;39m [2m---[0;39m [2m[           main][0;39m [36m.d.s.w.r.o.CachingOperationNameGenerator[0;39m [2m:[0;39m Generating unique operation named: createUsingPOST_1
[2m2019-10-25 14:36:02.922[0;39m [32m INFO[0;39m [35m2631[0;39m [2m---[0;39m [2m[           main][0;39m [36m.d.s.w.r.o.CachingOperationNameGenerator[0;39m [2m:[0;39m Generating unique operation named: updateUsingPUT_2
[2m2019-10-25 14:36:03.006[0;39m [32m INFO[0;39m [35m2631[0;39m [2m---[0;39m [2m[           main][0;39m [36m.d.s.w.r.o.CachingOperationNameGenerator[0;39m [2m:[0;39m Generating unique operation named: createUsingPOST_2
[2m2019-10-25 14:36:03.024[0;39m [32m INFO[0;39m [35m2631[0;39m [2m---[0;39m [2m[           main][0;39m [36m.d.s.w.r.o.CachingOperationNameGenerator[0;39m [2m:[0;39m Generating unique operation named: queryUsingGET_1
[2m2019-10-25 14:36:03.030[0;39m [32m INFO[0;39m [35m2631[0;39m [2m---[0;39m [2m[           main][0;39m [36m.d.s.w.r.o.CachingOperationNameGenerator[0;39m [2m:[0;39m Generating unique operation named: updateUsingPUT_3
[2m2019-10-25 14:36:03.039[0;39m [32m INFO[0;39m [35m2631[0;39m [2m---[0;39m [2m[           main][0;39m [36m.d.s.w.r.o.CachingOperationNameGenerator[0;39m [2m:[0;39m Generating unique operation named: allUsingGET_3
[2m2019-10-25 14:36:03.043[0;39m [32m INFO[0;39m [35m2631[0;39m [2m---[0;39m [2m[           main][0;39m [36m.d.s.w.r.o.CachingOperationNameGenerator[0;39m [2m:[0;39m Generating unique operation named: createUsingPOST_3
[2m2019-10-25 14:36:03.051[0;39m [32m INFO[0;39m [35m2631[0;39m [2m---[0;39m [2m[           main][0;39m [36m.d.s.w.r.o.CachingOperationNameGenerator[0;39m [2m:[0;39m Generating unique operation named: updateUsingPUT_4
[2m2019-10-25 14:36:03.215[0;39m [32m INFO[0;39m [35m2631[0;39m [2m---[0;39m [2m[           main][0;39m [36mo.s.b.w.embedded.tomcat.TomcatWebServer [0;39m [2m:[0;39m Tomcat started on port(s): 8001 (http) with context path '/api/v1/web'
[2m2019-10-25 14:36:03.227[0;39m [32m INFO[0;39m [35m2631[0;39m [2m---[0;39m [2m[           main][0;39m [36mc.o.treasure.web.WebApplicationKt       [0;39m [2m:[0;39m Started WebApplicationKt in 9.256 seconds (JVM running for 10.352)
[2m2019-10-25 14:36:05.022[0;39m [32m INFO[0;39m [35m2631[0;39m [2m---[0;39m [2m[nio-8001-exec-1][0;39m [36mo.a.c.c.C.[.[localhost].[/api/v1/web]   [0;39m [2m:[0;39m Initializing Spring DispatcherServlet 'dispatcherServlet'
[2m2019-10-25 14:36:05.022[0;39m [32m INFO[0;39m [35m2631[0;39m [2m---[0;39m [2m[nio-8001-exec-1][0;39m [36mo.s.web.servlet.DispatcherServlet       [0;39m [2m:[0;39m Initializing Servlet 'dispatcherServlet'
[2m2019-10-25 14:36:05.046[0;39m [32m INFO[0;39m [35m2631[0;39m [2m---[0;39m [2m[nio-8001-exec-1][0;39m [36mo.s.web.servlet.DispatcherServlet       [0;39m [2m:[0;39m Completed initialization in 24 ms
[2m2019-10-25 17:07:07.248[0;39m [32m INFO[0;39m [35m2631[0;39m [2m---[0;39m [2m[       Thread-3][0;39m [36mo.s.s.concurrent.ThreadPoolTaskExecutor [0;39m [2m:[0;39m Shutting down ExecutorService 'applicationTaskExecutor'
[2m2019-10-25 17:07:07.259[0;39m [32m INFO[0;39m [35m2631[0;39m [2m---[0;39m [2m[       Thread-3][0;39m [36mcom.alibaba.druid.pool.DruidDataSource  [0;39m [2m:[0;39m {dataSource-1} closed
